This file contains any messages produced by compilers while
running configure, to aid debugging if configure makes a mistake.

It was created by configure, which was
generated by GNU Autoconf 2.59.  Invocation command line was

  $ ./configure 

## --------- ##
## Platform. ##
## --------- ##

hostname = localhost.localdomain
uname -m = i686
uname -r = 2.6.18-8.el5
uname -s = Linux
uname -v = #1 SMP Fri Jan 26 14:15:21 EST 2007

/usr/bin/uname -p = unknown
/bin/uname -X     = unknown

/bin/arch              = i686
/usr/bin/arch -k       = unknown
/usr/convex/getsysinfo = unknown
hostinfo               = unknown
/bin/machine           = unknown
/usr/bin/oslevel       = unknown
/bin/universe          = unknown

PATH: /home/project/trunk_linux_powerpc/build/../toolchain/powerpc-linux-gnu4.35/bin
PATH: /home/project/trunk_linux_powerpc/build/../util/
PATH: /usr/kerberos/sbin
PATH: /usr/kerberos/bin
PATH: /home/project/trunk_linux_powerpc/toolchain/powerpc-linux-gnu4.35/bin
PATH: /usr/local/sbin
PATH: /usr/local/bin
PATH: /sbin
PATH: /bin
PATH: /usr/sbin
PATH: /usr/bin
PATH: /root/bin


## ----------- ##
## Core tests. ##
## ----------- ##

configure:1338: checking for a BSD-compatible install
configure:1393: result: /usr/bin/install -c
configure:1404: checking whether make sets $(MAKE)
configure:1424: result: yes
configure:1479: checking for gcc
configure:1505: result: powerpc-linux-gnu-gcc
configure:1749: checking for C compiler version
configure:1752: powerpc-linux-gnu-gcc --version </dev/null >&5
powerpc-linux-gnu-gcc (Sourcery G++ Lite 2010.09-55) 4.5.1
Copyright (C) 2010 Free Software Foundation, Inc.
This is free software; see the source for copying conditions.  There is NO
warranty; not even for MERCHANTABILITY or FITNESS FOR A PARTICULAR PURPOSE.

configure:1755: $? = 0
configure:1757: powerpc-linux-gnu-gcc -v </dev/null >&5
Using built-in specs.
COLLECT_GCC=powerpc-linux-gnu-gcc
COLLECT_LTO_WRAPPER=/home/project/trunk_linux_powerpc/toolchain/powerpc-linux-gnu4.35/bin/../libexec/gcc/powerpc-linux-gnu/4.5.1/lto-wrapper
Target: powerpc-linux-gnu
Configured with: /scratch/froydnj/gnu-lite-release/src/gcc-4.5-2010.09/configure --build=i686-pc-linux-gnu --host=i686-pc-linux-gnu --target=powerpc-linux-gnu --enable-threads --disable-libmudflap --disable-libssp --disable-libstdcxx-pch --enable-extra-sgxxlite-multilibs --with-long-double-128 --enable-targets=all --with-cpu-32=603e --with-cpu-64=e5500 --enable-secureplt --with-gnu-as --with-gnu-ld --with-specs='%{save-temps: -fverbose-asm} -D__CS_SOURCERYGXX_MAJ__=2010 -D__CS_SOURCERYGXX_MIN__=9 -D__CS_SOURCERYGXX_REV__=55 %{O2:%{!fno-remove-local-statics: -fremove-local-statics}} %{O*:%{O|O0|O1|O2|Os:;:%{!fno-remove-local-statics: -fremove-local-statics}}}' --enable-languages=c,c++ --enable-shared --enable-lto --enable-symvers=gnu --enable-__cxa_atexit --with-pkgversion='Sourcery G++ Lite 2010.09-55' --with-bugurl=https://support.codesourcery.com/GNUToolchain/ --disable-nls --prefix=/opt/freescale/usr/local/gcc-4.5.55-eglibc-2.11.55/powerpc-linux-gnu --with-sysroot=/opt/freescale/usr/local/gcc-4.5.55-eglibc-2.11.55/powerpc-linux-gnu/powerpc-linux-gnu/libc --with-build-sysroot=/scratch/froydnj/gnu-lite-release/install/powerpc-linux-gnu/libc --with-gmp=/scratch/froydnj/gnu-lite-release/obj/host-libs-2010.09-55-powerpc-linux-gnu-i686-pc-linux-gnu/usr --with-mpfr=/scratch/froydnj/gnu-lite-release/obj/host-libs-2010.09-55-powerpc-linux-gnu-i686-pc-linux-gnu/usr --with-mpc=/scratch/froydnj/gnu-lite-release/obj/host-libs-2010.09-55-powerpc-linux-gnu-i686-pc-linux-gnu/usr --with-ppl=/scratch/froydnj/gnu-lite-release/obj/host-libs-2010.09-55-powerpc-linux-gnu-i686-pc-linux-gnu/usr --with-host-libstdcxx='-static-libgcc -Wl,-Bstatic,-lstdc++,-Bdynamic -lm' --with-cloog=/scratch/froydnj/gnu-lite-release/obj/host-libs-2010.09-55-powerpc-linux-gnu-i686-pc-linux-gnu/usr --with-libelf=/scratch/froydnj/gnu-lite-release/obj/host-libs-2010.09-55-powerpc-linux-gnu-i686-pc-linux-gnu/usr --enable-libgomp --enable-poison-system-directories --with-build-time-tools=/scratch/froydnj/gnu-lite-release/install/powerpc-linux-gnu/bin --with-build-time-tools=/scratch/froydnj/gnu-lite-release/install/powerpc-linux-gnu/bin
Thread model: posix
gcc version 4.5.1 (Sourcery G++ Lite 2010.09-55) 
configure:1760: $? = 0
configure:1762: powerpc-linux-gnu-gcc -V </dev/null >&5
powerpc-linux-gnu-gcc: '-V' option must have argument
configure:1765: $? = 1
configure:1788: checking for C compiler default output file name
configure:1791: powerpc-linux-gnu-gcc    conftest.c  >&5
configure:1794: $? = 0
configure:1840: result: a.out
configure:1845: checking whether the C compiler works
configure:1851: ./a.out
./configure: line 1852: ./a.out: cannot execute binary file
configure:1854: $? = 126
configure:1863: error: cannot run C compiled programs.
If you meant to cross compile, use `--host'.
See `config.log' for more details.

## ---------------- ##
## Cache variables. ##
## ---------------- ##

ac_cv_env_CC_set=set
ac_cv_env_CC_value=powerpc-linux-gnu-gcc
ac_cv_env_CFLAGS_set=
ac_cv_env_CFLAGS_value=
ac_cv_env_CPPFLAGS_set=
ac_cv_env_CPPFLAGS_value=
ac_cv_env_CPP_set=
ac_cv_env_CPP_value=
ac_cv_env_LDFLAGS_set=
ac_cv_env_LDFLAGS_value=
ac_cv_env_build_alias_set=
ac_cv_env_build_alias_value=
ac_cv_env_host_alias_set=
ac_cv_env_host_alias_value=
ac_cv_env_target_alias_set=
ac_cv_env_target_alias_value=
ac_cv_exeext=
ac_cv_path_install='/usr/bin/install -c'
ac_cv_prog_ac_ct_CC=powerpc-linux-gnu-gcc
ac_cv_prog_make_make_set=yes

## ----------------- ##
## Output variables. ##
## ----------------- ##

CC='powerpc-linux-gnu-gcc'
CFLAGS=''
CPP=''
CPPFLAGS=''
DEFS=''
ECHO_C=''
ECHO_N='-n'
ECHO_T=''
EGREP=''
EXEEXT=''
INSTALL_DATA='${INSTALL} -m 644'
INSTALL_PROGRAM='${INSTALL}'
INSTALL_SCRIPT='${INSTALL}'
LDFLAGS=''
LEX=''
LEXLIB=''
LEX_OUTPUT_ROOT=''
LIBOBJS=''
LIBS=''
LTLIBOBJS=''
OBJEXT=''
PACKAGE_BUGREPORT=''
PACKAGE_NAME=''
PACKAGE_STRING=''
PACKAGE_TARNAME=''
PACKAGE_VERSION=''
PATH_SEPARATOR=':'
SET_MAKE=''
SHELL='/bin/sh'
YACC=''
ac_ct_CC='powerpc-linux-gnu-gcc'
bindir='${exec_prefix}/bin'
build_alias=''
datadir='${prefix}/share'
exec_prefix='NONE'
group=''
host_alias=''
includedir='${prefix}/include'
infodir='${prefix}/info'
libdir='${exec_prefix}/lib'
libexecdir='${exec_prefix}/libexec'
localdbdir=''
localstatedir='${prefix}/var'
mandir='${prefix}/man'
oldincludedir='/usr/include'
prefix='NONE'
program_transform_name='s,x,x,'
sbindir='${exec_prefix}/sbin'
sharedstatedir='${prefix}/com'
sysconfdir='${prefix}/etc'
target_alias=''
user=''

## ----------- ##
## confdefs.h. ##
## ----------- ##

#define PACKAGE_BUGREPORT ""
#define PACKAGE_NAME ""
#define PACKAGE_STRING ""
#define PACKAGE_TARNAME ""
#define PACKAGE_VERSION ""

configure: exit 1
